<?xml version="1.0" encoding="UTF-8"?>
<testng-results ignored="0" total="2" passed="2" failed="0" skipped="0">
  <reporter-output>
  </reporter-output>
  <suite started-at="2022-01-20T18:55:02 EST" name="Default suite" finished-at="2022-01-20T18:55:20 EST" duration-ms="17957">
    <groups>
    </groups>
    <test started-at="2022-01-20T18:55:02 EST" name="Default test" finished-at="2022-01-20T18:55:20 EST" duration-ms="17957">
      <class name="com.JiraV.tests.findLinks">
        <test-method is-config="true" signature="setUp()[pri:0, instance:com.JiraV.tests.findLinks@235834f2]" started-at="2022-01-20T18:55:02 EST" name="setUp" finished-at="2022-01-20T18:55:14 EST" duration-ms="11801" status="PASS">
          <reporter-output>
          </reporter-output>
        </test-method> <!-- setUp -->
        <test-method signature="allTheLinks()[pri:0, instance:com.JiraV.tests.findLinks@235834f2]" started-at="2022-01-20T18:55:14 EST" name="allTheLinks" finished-at="2022-01-20T18:55:14 EST" duration-ms="34" status="PASS">
          <reporter-output>
          </reporter-output>
        </test-method> <!-- allTheLinks -->
        <test-method signature="findTotalNumberEmptyLinkPrint()[pri:0, instance:com.JiraV.tests.findLinks@235834f2]" started-at="2022-01-20T18:55:14 EST" name="findTotalNumberEmptyLinkPrint" finished-at="2022-01-20T18:55:15 EST" duration-ms="1275" status="PASS">
          <reporter-output>
          </reporter-output>
        </test-method> <!-- findTotalNumberEmptyLinkPrint -->
        <test-method is-config="true" signature="tearDown()[pri:0, instance:com.JiraV.tests.findLinks@235834f2]" started-at="2022-01-20T18:55:15 EST" name="tearDown" finished-at="2022-01-20T18:55:20 EST" duration-ms="4813" status="PASS">
          <reporter-output>
          </reporter-output>
        </test-method> <!-- tearDown -->
      </class> <!-- com.JiraV.tests.findLinks -->
    </test> <!-- Default test -->
  </suite> <!-- Default suite -->
</testng-results>
